#
# There is insufficient memory for the Java Runtime Environment to continue.
# Native memory allocation (malloc) failed to allocate 260528 bytes for Chunk::new
# Possible reasons:
#   The system is out of physical RAM or swap space
#   The process is running with CompressedOops enabled, and the Java Heap may be blocking the growth of the native heap
# Possible solutions:
#   Reduce memory load on the system
#   Increase physical memory or swap space
#   Check if swap backing store is full
#   Decrease Java heap size (-Xmx/-Xms)
#   Decrease number of Java threads
#   Decrease Java thread stack sizes (-Xss)
#   Set larger code cache with -XX:ReservedCodeCacheSize=
#   JVM is running with Unscaled Compressed Oops mode in which the Java heap is
#     placed in the first 4GB address space. The Java Heap base address is the
#     maximum limit for the native heap growth. Please use -XX:HeapBaseMinAddress
#     to set the Java Heap base and to place the Java Heap above 4GB virtual address.
# This output file may be truncated or incomplete.
#
#  Out of Memory Error (allocation.cpp:389), pid=5664, tid=0x00000000000010ac
#
# JRE version: OpenJDK Runtime Environment (8.0_212-b04) (build 1.8.0_212-release-1586-b04)
# Java VM: OpenJDK 64-Bit Server VM (25.212-b04 mixed mode windows-amd64 compressed oops)
# Failed to write core dump. Minidumps are not enabled by default on client versions of Windows
#

---------------  T H R E A D  ---------------

Current thread (0x0000000015efa000):  JavaThread "C2 CompilerThread0" daemon [_thread_in_native, id=4268, stack(0x0000000017560000,0x0000000017660000)]

Stack: [0x0000000017560000,0x0000000017660000]
[error occurred during error reporting (printing stack bounds), id 0xc0000005]

Native frames: (J=compiled Java code, j=interpreted, Vv=VM code, C=native code)


Current CompileTask:
C2:  39684 12568       4       com.android.tools.r8.graph.E::collectMixedSectionItems (36 bytes)


---------------  P R O C E S S  ---------------

Java Threads: ( => current thread )
  0x000000001dc9c000 JavaThread "ForkJoinPool-2-worker-0" daemon [_thread_blocked, id=11104, stack(0x0000000025970000,0x0000000025a70000)]
  0x000000001dc9a800 JavaThread "ForkJoinPool-2-worker-2" daemon [_thread_blocked, id=5216, stack(0x00000000244f0000,0x00000000245f0000)]
  0x000000001dc9d800 JavaThread "ForkJoinPool-2-worker-1" daemon [_thread_blocked, id=8384, stack(0x00000000238f0000,0x00000000239f0000)]
  0x000000001dc9c800 JavaThread "WorkerExecutor Queue Thread 5" [_thread_in_Java, id=11256, stack(0x0000000023bf0000,0x0000000023cf0000)]
  0x00000000182c7000 JavaThread "WorkerExecutor Queue Thread 4" [_thread_blocked, id=1548, stack(0x0000000023af0000,0x0000000023bf0000)]
  0x00000000182c6800 JavaThread "WorkerExecutor Queue Thread 3" [_thread_blocked, id=5996, stack(0x00000000239f0000,0x0000000023af0000)]
  0x00000000182c5800 JavaThread "WorkerExecutor Queue" [_thread_blocked, id=9736, stack(0x00000000237f0000,0x00000000238f0000)]
  0x00000000182c2800 JavaThread "Cache worker for execution history cache (D:\CloneUber\.gradle\5.6.4\executionHistory)" [_thread_blocked, id=11252, stack(0x00000000232b0000,0x00000000233b0000)]
  0x00000000182c9800 JavaThread "Execution worker for ':' Thread 3" [_thread_blocked, id=5488, stack(0x00000000231b0000,0x00000000232b0000)]
  0x00000000182c8000 JavaThread "Execution worker for ':' Thread 2" [_thread_blocked, id=4680, stack(0x00000000230b0000,0x00000000231b0000)]
  0x00000000182c8800 JavaThread "Execution worker for ':'" [_thread_blocked, id=9932, stack(0x0000000022fb0000,0x00000000230b0000)]
  0x00000000182bc800 JavaThread "Cache worker for file content cache (D:\CloneUber\.gradle\5.6.4\fileContent)" [_thread_blocked, id=10944, stack(0x0000000022650000,0x0000000022750000)]
  0x00000000182c1000 JavaThread "Cache worker for file content cache (C:\Users\Nain\.gradle\caches\5.6.4\fileContent)" [_thread_blocked, id=10504, stack(0x0000000022550000,0x0000000022650000)]
  0x00000000182c2000 JavaThread "Memory manager" [_thread_blocked, id=6248, stack(0x0000000022040000,0x0000000022140000)]
  0x00000000182ba800 JavaThread "Cache worker for Build Output Cleanup Cache (D:\CloneUber\.gradle\buildOutputCleanup)" [_thread_blocked, id=10348, stack(0x0000000021d40000,0x0000000021e40000)]
  0x00000000182bf000 JavaThread "pool-1-thread-1" [_thread_blocked, id=9516, stack(0x0000000020860000,0x0000000020960000)]
  0x00000000182bd800 JavaThread "Build operations Thread 4" [_thread_blocked, id=788, stack(0x0000000020560000,0x0000000020660000)]
  0x00000000182bf800 JavaThread "Build operations Thread 3" [_thread_blocked, id=8852, stack(0x0000000020460000,0x0000000020560000)]
  0x00000000182bc000 JavaThread "Build operations Thread 2" [_thread_blocked, id=6736, stack(0x0000000020360000,0x0000000020460000)]
  0x00000000182c0800 JavaThread "Build operations" [_thread_blocked, id=10048, stack(0x0000000020260000,0x0000000020360000)]
  0x00000000182bb000 JavaThread "Cache worker for execution history cache (C:\Users\Nain\.gradle\caches\5.6.4\executionHistory)" [_thread_blocked, id=6072, stack(0x000000001ff60000,0x0000000020060000)]
  0x0000000019319800 JavaThread "Cache worker for cache directory md-rule (C:\Users\Nain\.gradle\caches\5.6.4\md-rule)" [_thread_blocked, id=5796, stack(0x000000001fe60000,0x000000001ff60000)]
  0x0000000019316800 JavaThread "Cache worker for cache directory md-supplier (C:\Users\Nain\.gradle\caches\5.6.4\md-supplier)" [_thread_blocked, id=9640, stack(0x000000001e0e0000,0x000000001e1e0000)]
  0x0000000019317800 JavaThread "Cache worker for file hash cache (D:\CloneUber\.gradle\5.6.4\fileHashes)" [_thread_blocked, id=10888, stack(0x000000001dde0000,0x000000001dee0000)]
  0x0000000019314800 JavaThread "Cache worker for journal cache (C:\Users\Nain\.gradle\caches\journal-1)" [_thread_blocked, id=1656, stack(0x000000001bc40000,0x000000001bd40000)]
  0x000000001931a800 JavaThread "File lock request listener" [_thread_in_native, id=5856, stack(0x000000001bb40000,0x000000001bc40000)]
  0x0000000019319000 JavaThread "Cache worker for file hash cache (C:\Users\Nain\.gradle\caches\5.6.4\fileHashes)" [_thread_blocked, id=1780, stack(0x000000001b840000,0x000000001b940000)]
  0x00000000197f1000 JavaThread "Thread-9" [_thread_blocked, id=5656, stack(0x000000001b740000,0x000000001b840000)]
  0x00000000197f0000 JavaThread "Stdin handler" [_thread_blocked, id=5188, stack(0x000000001b640000,0x000000001b740000)]
  0x00000000197df800 JavaThread "Asynchronous log dispatcher for DefaultDaemonConnection: socket connection from /127.0.0.1:62914 to /127.0.0.1:62915" [_thread_blocked, id=5648, stack(0x000000001b540000,0x000000001b640000)]
  0x00000000197de000 JavaThread "Daemon worker" [_thread_blocked, id=9880, stack(0x000000001b440000,0x000000001b540000)]
  0x00000000197dd000 JavaThread "Cancel handler" [_thread_blocked, id=7188, stack(0x000000001b340000,0x000000001b440000)]
  0x000000001979c000 JavaThread "Handler for socket connection from /127.0.0.1:62914 to /127.0.0.1:62915" [_thread_in_native, id=1988, stack(0x000000001b040000,0x000000001b140000)]
  0x0000000019797000 JavaThread "Daemon" [_thread_blocked, id=11216, stack(0x000000001af40000,0x000000001b040000)]
  0x0000000019781800 JavaThread "Daemon periodic checks" [_thread_blocked, id=9668, stack(0x000000001ae40000,0x000000001af40000)]
  0x0000000019731800 JavaThread "Incoming local TCP Connector on port 62914" [_thread_in_native, id=7580, stack(0x000000001ac40000,0x000000001ad40000)]
  0x0000000017a6d000 JavaThread "Daemon health stats" [_thread_blocked, id=9456, stack(0x000000001a600000,0x000000001a700000)]
  0x0000000017773000 JavaThread "Service Thread" daemon [_thread_blocked, id=11052, stack(0x0000000017c60000,0x0000000017d60000)]
  0x0000000015f5e000 JavaThread "C1 CompilerThread2" daemon [_thread_blocked, id=5300, stack(0x0000000017b60000,0x0000000017c60000)]
  0x0000000015efd000 JavaThread "C2 CompilerThread1" daemon [_thread_in_native, id=5160, stack(0x0000000017660000,0x0000000017760000)]
=>0x0000000015efa000 JavaThread "C2 CompilerThread0" daemon [_thread_in_native, id=4268, stack(0x0000000017560000,0x0000000017660000)]
  0x0000000015ef9800 JavaThread "Attach Listener" daemon [_thread_blocked, id=5180, stack(0x0000000017460000,0x0000000017560000)]
  0x0000000015f06000 JavaThread "Signal Dispatcher" daemon [_thread_blocked, id=10932, stack(0x0000000017360000,0x0000000017460000)]
  0x000000000258b000 JavaThread "Finalizer" daemon [_thread_blocked, id=8896, stack(0x0000000017160000,0x0000000017260000)]
  0x0000000015ee9000 JavaThread "Reference Handler" daemon [_thread_blocked, id=8940, stack(0x0000000017060000,0x0000000017160000)]
  0x000000000237d800 JavaThread "main" [_thread_blocked, id=2112, stack(0x0000000002390000,0x0000000002490000)]

Other Threads:
  0x0000000015ec5000 VMThread [stack: 0x0000000016f60000,0x0000000017060000] [id=7620]
  0x0000000017774800 WatcherThread [stack: 0x0000000017d60000,0x0000000017e60000] [id=7004]

VM state:not at safepoint (normal execution)

VM Mutex/Monitor currently owned by a thread: None

heap address: 0x00000000a0000000, size: 1536 MB, Compressed Oops mode: 32-bit
Narrow klass base: 0x0000000000000000, Narrow klass shift: 3
Compressed class space size: 1073741824 Address: 0x0000000100000000

Heap:
 PSYoungGen      total 230912K, used 48788K [0x00000000e0000000, 0x00000000f8500000, 0x0000000100000000)
  eden space 187392K, 24% used [0x00000000e0000000,0x00000000e2bf5320,0x00000000eb700000)
  from space 43520K, 8% used [0x00000000eb700000,0x00000000ebaafd50,0x00000000ee180000)
  to   space 73216K, 0% used [0x00000000f3d80000,0x00000000f3d80000,0x00000000f8500000)
 ParOldGen       total 314880K, used 146794K [0x00000000a0000000, 0x00000000b3380000, 0x00000000e0000000)
  object space 314880K, 46% used [0x00000000a0000000,0x00000000a8f5aa78,0x00000000b3380000)
 Metaspace       used 70299K, capacity 73242K, committed 73728K, reserved 1112064K
  class space    used 9485K, capacity 10099K, committed 10240K, reserved 1048576K

Card table byte_map: [0x0000000011950000,0x0000000011c60000] byte_map_base: 0x0000000011450000

Marking Bits: (ParMarkBitMap*) 0x000000006d489f30
 Begin Bits: [0x0000000012260000, 0x0000000013a60000)
 End Bits:   [0x0000000013a60000, 0x0000000015260000)

Polling page: 0x0000000000770000

CodeCache: size=245760Kb used=35627Kb max_used=35627Kb free=210132Kb
 bounds [0x0000000002590000, 0x0000000004890000, 0x0000000011590000]
 total_blobs=11499 nmethods=10687 adapters=723
 compilation: enabled

Compilation events (10 events):
Event: 39.645 Thread 0x0000000015f5e000 12578       3       com.android.tools.r8.graph.x$$Lambda$603/1946880347::compare (12 bytes)
Event: 39.645 Thread 0x0000000015f5e000 nmethod 12578 0x0000000004874450 code [0x00000000048745e0, 0x0000000004874b28]
Event: 39.649 Thread 0x0000000015f5e000 12580       3       com.android.tools.r8.graph.DexValue$n::o (1 bytes)
Event: 39.649 Thread 0x0000000015f5e000 nmethod 12580 0x0000000004874110 code [0x0000000004874260, 0x00000000048743b0]
Event: 39.649 Thread 0x0000000015f5e000 12581       1       com.android.tools.r8.graph.DexValue$i::p (3 bytes)
Event: 39.649 Thread 0x0000000015f5e000 nmethod 12581 0x0000000004873e50 code [0x0000000004873fa0, 0x00000000048740b0]
Event: 39.651 Thread 0x0000000015f5e000 12582       3       com.android.tools.r8.graph.a0::a (174 bytes)
Event: 39.655 Thread 0x0000000015f5e000 nmethod 12582 0x0000000004879850 code [0x0000000004879ec0, 0x000000000487e448]
Event: 39.659 Thread 0x0000000015f5e000 12585       1       com.android.tools.r8.graph.DexValue$l::o (1 bytes)
Event: 39.659 Thread 0x0000000015f5e000 nmethod 12585 0x0000000004873b90 code [0x0000000004873ce0, 0x0000000004873df0]

GC Heap History (10 events):
Event: 24.852 GC heap before
{Heap before GC invocations=17 (full 3):
 PSYoungGen      total 173568K, used 168274K [0x00000000e0000000, 0x00000000ed480000, 0x0000000100000000)
  eden space 155136K, 100% used [0x00000000e0000000,0x00000000e9780000,0x00000000e9780000)
  from space 18432K, 71% used [0x00000000e9780000,0x00000000ea454908,0x00000000ea980000)
  to   space 18944K, 0% used [0x00000000ec200000,0x00000000ec200000,0x00000000ed480000)
 ParOldGen       total 146944K, used 36861K [0x00000000a0000000, 0x00000000a8f80000, 0x00000000e0000000)
  object space 146944K, 25% used [0x00000000a0000000,0x00000000a23ff618,0x00000000a8f80000)
 Metaspace       used 62792K, capacity 65150K, committed 65280K, reserved 1105920K
  class space    used 8587K, capacity 9127K, committed 9216K, reserved 1048576K
Event: 24.881 GC heap after
Heap after GC invocations=17 (full 3):
 PSYoungGen      total 192512K, used 18919K [0x00000000e0000000, 0x00000000ee080000, 0x0000000100000000)
  eden space 173568K, 0% used [0x00000000e0000000,0x00000000e0000000,0x00000000ea980000)
  from space 18944K, 99% used [0x00000000ec200000,0x00000000ed479c30,0x00000000ed480000)
  to   space 25088K, 0% used [0x00000000ea980000,0x00000000ea980000,0x00000000ec200000)
 ParOldGen       total 146944K, used 47321K [0x00000000a0000000, 0x00000000a8f80000, 0x00000000e0000000)
  object space 146944K, 32% used [0x00000000a0000000,0x00000000a2e36400,0x00000000a8f80000)
 Metaspace       used 62792K, capacity 65150K, committed 65280K, reserved 1105920K
  class space    used 8587K, capacity 9127K, committed 9216K, reserved 1048576K
}
Event: 27.582 GC heap before
{Heap before GC invocations=18 (full 3):
 PSYoungGen      total 192512K, used 192487K [0x00000000e0000000, 0x00000000ee080000, 0x0000000100000000)
  eden space 173568K, 100% used [0x00000000e0000000,0x00000000ea980000,0x00000000ea980000)
  from space 18944K, 99% used [0x00000000ec200000,0x00000000ed479c30,0x00000000ed480000)
  to   space 25088K, 0% used [0x00000000ea980000,0x00000000ea980000,0x00000000ec200000)
 ParOldGen       total 146944K, used 47321K [0x00000000a0000000, 0x00000000a8f80000, 0x00000000e0000000)
  object space 146944K, 32% used [0x00000000a0000000,0x00000000a2e36400,0x00000000a8f80000)
 Metaspace       used 69231K, capacity 72296K, committed 72576K, reserved 1112064K
  class space    used 9406K, capacity 10054K, committed 10112K, reserved 1048576K
Event: 27.616 GC heap after
Heap after GC invocations=18 (full 3):
 PSYoungGen      total 198656K, used 22636K [0x00000000e0000000, 0x00000000efd00000, 0x0000000100000000)
  eden space 173568K, 0% used [0x00000000e0000000,0x00000000e0000000,0x00000000ea980000)
  from space 25088K, 90% used [0x00000000ea980000,0x00000000ebf9b150,0x00000000ec200000)
  to   space 28160K, 0% used [0x00000000ee180000,0x00000000ee180000,0x00000000efd00000)
 ParOldGen       total 146944K, used 47329K [0x00000000a0000000, 0x00000000a8f80000, 0x00000000e0000000)
  object space 146944K, 32% used [0x00000000a0000000,0x00000000a2e38400,0x00000000a8f80000)
 Metaspace       used 69231K, capacity 72296K, committed 72576K, reserved 1112064K
  class space    used 9406K, capacity 10054K, committed 10112K, reserved 1048576K
}
Event: 29.372 GC heap before
{Heap before GC invocations=19 (full 3):
 PSYoungGen      total 198656K, used 196204K [0x00000000e0000000, 0x00000000efd00000, 0x0000000100000000)
  eden space 173568K, 100% used [0x00000000e0000000,0x00000000ea980000,0x00000000ea980000)
  from space 25088K, 90% used [0x00000000ea980000,0x00000000ebf9b150,0x00000000ec200000)
  to   space 28160K, 0% used [0x00000000ee180000,0x00000000ee180000,0x00000000efd00000)
 ParOldGen       total 146944K, used 47329K [0x00000000a0000000, 0x00000000a8f80000, 0x00000000e0000000)
  object space 146944K, 32% used [0x00000000a0000000,0x00000000a2e38400,0x00000000a8f80000)
 Metaspace       used 70317K, capacity 73462K, committed 73728K, reserved 1112064K
  class space    used 9538K, capacity 10191K, committed 10240K, reserved 1048576K
Event: 29.436 GC heap after
Heap after GC invocations=19 (full 3):
 PSYoungGen      total 215552K, used 28130K [0x00000000e0000000, 0x00000000f2700000, 0x0000000100000000)
  eden space 187392K, 0% used [0x00000000e0000000,0x00000000e0000000,0x00000000eb700000)
  from space 28160K, 99% used [0x00000000ee180000,0x00000000efcf89e8,0x00000000efd00000)
  to   space 43520K, 0% used [0x00000000eb700000,0x00000000eb700000,0x00000000ee180000)
 ParOldGen       total 146944K, used 77490K [0x00000000a0000000, 0x00000000a8f80000, 0x00000000e0000000)
  object space 146944K, 52% used [0x00000000a0000000,0x00000000a4bac960,0x00000000a8f80000)
 Metaspace       used 70317K, capacity 73462K, committed 73728K, reserved 1112064K
  class space    used 9538K, capacity 10191K, committed 10240K, reserved 1048576K
}
Event: 30.703 GC heap before
{Heap before GC invocations=20 (full 3):
 PSYoungGen      total 215552K, used 215522K [0x00000000e0000000, 0x00000000f2700000, 0x0000000100000000)
  eden space 187392K, 100% used [0x00000000e0000000,0x00000000eb700000,0x00000000eb700000)
  from space 28160K, 99% used [0x00000000ee180000,0x00000000efcf89e8,0x00000000efd00000)
  to   space 43520K, 0% used [0x00000000eb700000,0x00000000eb700000,0x00000000ee180000)
 ParOldGen       total 146944K, used 77490K [0x00000000a0000000, 0x00000000a8f80000, 0x00000000e0000000)
  object space 146944K, 52% used [0x00000000a0000000,0x00000000a4bac960,0x00000000a8f80000)
 Metaspace       used 70455K, capacity 73662K, committed 73728K, reserved 1112064K
  class space    used 9538K, capacity 10191K, committed 10240K, reserved 1048576K
Event: 32.087 GC heap after
Heap after GC invocations=20 (full 3):
 PSYoungGen      total 230912K, used 43495K [0x00000000e0000000, 0x00000000f8500000, 0x0000000100000000)
  eden space 187392K, 0% used [0x00000000e0000000,0x00000000e0000000,0x00000000eb700000)
  from space 43520K, 99% used [0x00000000eb700000,0x00000000ee179d60,0x00000000ee180000)
  to   space 73216K, 0% used [0x00000000f3d80000,0x00000000f3d80000,0x00000000f8500000)
 ParOldGen       total 146944K, used 139209K [0x00000000a0000000, 0x00000000a8f80000, 0x00000000e0000000)
  object space 146944K, 94% used [0x00000000a0000000,0x00000000a87f2710,0x00000000a8f80000)
 Metaspace       used 70455K, capacity 73662K, committed 73728K, reserved 1112064K
  class space    used 9538K, capacity 10191K, committed 10240K, reserved 1048576K
}
Event: 32.087 GC heap before
{Heap before GC invocations=21 (full 4):
 PSYoungGen      total 230912K, used 43495K [0x00000000e0000000, 0x00000000f8500000, 0x0000000100000000)
  eden space 187392K, 0% used [0x00000000e0000000,0x00000000e0000000,0x00000000eb700000)
  from space 43520K, 99% used [0x00000000eb700000,0x00000000ee179d60,0x00000000ee180000)
  to   space 73216K, 0% used [0x00000000f3d80000,0x00000000f3d80000,0x00000000f8500000)
 ParOldGen       total 146944K, used 139209K [0x00000000a0000000, 0x00000000a8f80000, 0x00000000e0000000)
  object space 146944K, 94% used [0x00000000a0000000,0x00000000a87f2710,0x00000000a8f80000)
 Metaspace       used 70455K, capacity 73662K, committed 73728K, reserved 1112064K
  class space    used 9538K, capacity 10191K, committed 10240K, reserved 1048576K
Event: 38.342 GC heap after
Heap after GC invocations=21 (full 4):
 PSYoungGen      total 230912K, used 3775K [0x00000000e0000000, 0x00000000f8500000, 0x0000000100000000)
  eden space 187392K, 0% used [0x00000000e0000000,0x00000000e0000000,0x00000000eb700000)
  from space 43520K, 8% used [0x00000000eb700000,0x00000000ebaafd50,0x00000000ee180000)
  to   space 73216K, 0% used [0x00000000f3d80000,0x00000000f3d80000,0x00000000f8500000)
 ParOldGen       total 314880K, used 146794K [0x00000000a0000000, 0x00000000b3380000, 0x00000000e0000000)
  object space 314880K, 46% used [0x00000000a0000000,0x00000000a8f5aa78,0x00000000b3380000)
 Metaspace       used 70299K, capacity 73242K, committed 73728K, reserved 1112064K
  class space    used 9485K, capacity 10099K, committed 10240K, reserved 1048576K
}

Deoptimization events (10 events):
Event: 39.333 Thread 0x000000001dc9c800 Uncommon trap: reason=unstable_if action=reinterpret pc=0x00000000043b6d44 method=java.util.concurrent.ConcurrentHashMap$Traverser.advance()Ljava/util/concurrent/ConcurrentHashMap$Node; @ 84
Event: 39.339 Thread 0x000000001dc9c800 Uncommon trap: reason=bimorphic action=maybe_recompile pc=0x0000000004849500 method=com.android.tools.r8.graph.V.a(Lcom/android/tools/r8/naming/H;Lcom/android/tools/r8/graph/I0;Lcom/android/tools/r8/graph/I0;)I @ 3
Event: 39.339 Thread 0x000000001dc9c800 Uncommon trap: reason=bimorphic action=maybe_recompile pc=0x0000000004849500 method=com.android.tools.r8.graph.V.a(Lcom/android/tools/r8/naming/H;Lcom/android/tools/r8/graph/I0;Lcom/android/tools/r8/graph/I0;)I @ 3
Event: 39.339 Thread 0x000000001dc9c800 Uncommon trap: reason=bimorphic action=maybe_recompile pc=0x0000000004849500 method=com.android.tools.r8.graph.V.a(Lcom/android/tools/r8/naming/H;Lcom/android/tools/r8/graph/I0;Lcom/android/tools/r8/graph/I0;)I @ 3
Event: 39.339 Thread 0x000000001dc9c800 Uncommon trap: reason=bimorphic action=maybe_recompile pc=0x0000000004849500 method=com.android.tools.r8.graph.V.a(Lcom/android/tools/r8/naming/H;Lcom/android/tools/r8/graph/I0;Lcom/android/tools/r8/graph/I0;)I @ 3
Event: 39.339 Thread 0x000000001dc9c800 Uncommon trap: reason=bimorphic action=maybe_recompile pc=0x00000000048487d8 method=com.android.tools.r8.graph.V.a(Lcom/android/tools/r8/naming/H;Lcom/android/tools/r8/graph/I0;Lcom/android/tools/r8/graph/I0;)I @ 3
Event: 39.431 Thread 0x000000001dc9c800 Uncommon trap: reason=class_check action=maybe_recompile pc=0x0000000004836064 method=com.android.tools.r8.graph.V.a(Ljava/util/Collection;Lcom/android/tools/r8/naming/H;)V @ 40
Event: 39.455 Thread 0x000000001dc9c800 Uncommon trap: reason=class_check action=maybe_recompile pc=0x0000000004836064 method=com.android.tools.r8.graph.V.a(Ljava/util/Collection;Lcom/android/tools/r8/naming/H;)V @ 40
Event: 39.545 Thread 0x000000001dc9c800 Uncommon trap: reason=class_check action=maybe_recompile pc=0x0000000004836064 method=com.android.tools.r8.graph.V.a(Ljava/util/Collection;Lcom/android/tools/r8/naming/H;)V @ 40
Event: 39.552 Thread 0x000000001dc9c800 Uncommon trap: reason=array_check action=maybe_recompile pc=0x000000000461c398 method=java.util.TimSort.reverseRange([Ljava/lang/Object;II)V @ 27

Classes redefined (0 events):
No events

Internal exceptions (10 events):
Event: 27.810 Thread 0x00000000182c7000 Exception <a 'sun/nio/fs/WindowsException'> (0x00000000e1d7c768) thrown at [D:\src\AOSP-openjdk-cygwin\jdk8u\hotspot\src\share\vm\prims\jni.cpp, line 710]
Event: 27.813 Thread 0x00000000182c7000 Exception <a 'sun/nio/fs/WindowsException'> (0x00000000e1d863c8) thrown at [D:\src\AOSP-openjdk-cygwin\jdk8u\hotspot\src\share\vm\prims\jni.cpp, line 710]
Event: 27.815 Thread 0x00000000182c7000 Exception <a 'sun/nio/fs/WindowsException'> (0x00000000e1d91600) thrown at [D:\src\AOSP-openjdk-cygwin\jdk8u\hotspot\src\share\vm\prims\jni.cpp, line 710]
Event: 28.077 Thread 0x00000000197de000 Exception <a 'java/lang/NoSuchMethodError': <clinit>> (0x00000000e25a6ec0) thrown at [D:\src\AOSP-openjdk-cygwin\jdk8u\hotspot\src\share\vm\prims\jni.cpp, line 1614]
Event: 28.079 Thread 0x00000000197de000 Exception <a 'java/lang/NoSuchMethodError': <clinit>> (0x00000000e25bdae0) thrown at [D:\src\AOSP-openjdk-cygwin\jdk8u\hotspot\src\share\vm\prims\jni.cpp, line 1614]
Event: 28.318 Thread 0x00000000182c6800 Exception <a 'sun/nio/fs/WindowsException'> (0x00000000e2d5a650) thrown at [D:\src\AOSP-openjdk-cygwin\jdk8u\hotspot\src\share\vm\prims\jni.cpp, line 710]
Event: 28.607 Thread 0x000000001dc9c000 Implicit null exception at 0x0000000002f0142f to 0x0000000002f01521
Event: 29.049 Thread 0x000000001dc9d800 Exception <a 'sun/nio/fs/WindowsException'> (0x00000000e67275d0) thrown at [D:\src\AOSP-openjdk-cygwin\jdk8u\hotspot\src\share\vm\prims\jni.cpp, line 710]
Event: 29.105 Thread 0x000000001dc9c800 Exception <a 'sun/nio/fs/WindowsException'> (0x00000000e6837568) thrown at [D:\src\AOSP-openjdk-cygwin\jdk8u\hotspot\src\share\vm\prims\jni.cpp, line 710]
Event: 39.258 Thread 0x000000001dc9c800 Implicit null exception at 0x0000000004830234 to 0x0000000004830489

Events (10 events):
Event: 39.450 Executing VM operation: ForceSafepoint done
Event: 39.455 Thread 0x000000001dc9c800 Uncommon trap: trap_request=0xffffffde fr.pc=0x0000000004836064
Event: 39.455 Thread 0x000000001dc9c800 DEOPT PACKING pc=0x0000000004836064 sp=0x0000000023cee060
Event: 39.455 Thread 0x000000001dc9c800 DEOPT UNPACKING pc=0x00000000025d557b sp=0x0000000023cee058 mode 2
Event: 39.545 Thread 0x000000001dc9c800 Uncommon trap: trap_request=0xffffffde fr.pc=0x0000000004836064
Event: 39.545 Thread 0x000000001dc9c800 DEOPT PACKING pc=0x0000000004836064 sp=0x0000000023cee060
Event: 39.545 Thread 0x000000001dc9c800 DEOPT UNPACKING pc=0x00000000025d557b sp=0x0000000023cee058 mode 2
Event: 39.552 Thread 0x000000001dc9c800 Uncommon trap: trap_request=0xffffffd6 fr.pc=0x000000000461c398
Event: 39.552 Thread 0x000000001dc9c800 DEOPT PACKING pc=0x000000000461c398 sp=0x0000000023cedd20
Event: 39.552 Thread 0x000000001dc9c800 DEOPT UNPACKING pc=0x00000000025d557b sp=0x0000000023cedba0 mode 2


Dynamic libraries:
0x00007ff6fc2d0000 - 0x00007ff6fc301000 	D:\Programas\jre\bin\java.exe
0x00007ff88f150000 - 0x00007ff88f312000 	C:\WINDOWS\SYSTEM32\ntdll.dll
0x00007ff88d8d0000 - 0x00007ff88d97d000 	C:\WINDOWS\system32\KERNEL32.DLL
0x00007ff88c010000 - 0x00007ff88c1ed000 	C:\WINDOWS\system32\KERNELBASE.dll
0x00007ff88d040000 - 0x00007ff88d0e6000 	C:\WINDOWS\system32\ADVAPI32.dll
0x00007ff88d9f0000 - 0x00007ff88da8d000 	C:\WINDOWS\system32\msvcrt.dll
0x00007ff88d1e0000 - 0x00007ff88d23b000 	C:\WINDOWS\system32\sechost.dll
0x00007ff88cf10000 - 0x00007ff88d036000 	C:\WINDOWS\system32\RPCRT4.dll
0x00007ff88d240000 - 0x00007ff88d38e000 	C:\WINDOWS\system32\USER32.dll
0x00007ff88d6f0000 - 0x00007ff88d875000 	C:\WINDOWS\system32\GDI32.dll
0x00007ff8837d0000 - 0x00007ff883a44000 	C:\WINDOWS\WinSxS\amd64_microsoft.windows.common-controls_6595b64144ccf1df_6.0.10240.16384_none_f41f7b285750ef43\COMCTL32.dll
0x00007ff88d880000 - 0x00007ff88d8b6000 	C:\WINDOWS\system32\IMM32.DLL
0x00007ff88cdb0000 - 0x00007ff88cf0c000 	C:\WINDOWS\system32\MSCTF.dll
0x000000006d950000 - 0x000000006da22000 	D:\Programas\jre\jre\bin\msvcr100.dll
0x000000006ccc0000 - 0x000000006d506000 	D:\Programas\jre\jre\bin\server\jvm.dll
0x00007ff88d8c0000 - 0x00007ff88d8c8000 	C:\WINDOWS\system32\PSAPI.DLL
0x00007ff886d70000 - 0x00007ff886d93000 	C:\WINDOWS\SYSTEM32\WINMM.dll
0x00007ff871240000 - 0x00007ff871249000 	C:\WINDOWS\SYSTEM32\WSOCK32.dll
0x00007ff886860000 - 0x00007ff88686a000 	C:\WINDOWS\SYSTEM32\VERSION.dll
0x00007ff886cc0000 - 0x00007ff886cec000 	C:\WINDOWS\SYSTEM32\winmmbase.dll
0x00007ff88bcd0000 - 0x00007ff88bd14000 	C:\WINDOWS\system32\cfgmgr32.dll
0x00007ff88a4f0000 - 0x00007ff88a517000 	C:\WINDOWS\SYSTEM32\DEVOBJ.dll
0x00007ff88d980000 - 0x00007ff88d9e9000 	C:\WINDOWS\system32\ws2_32.DLL
0x00007ff88f030000 - 0x00007ff88f038000 	C:\WINDOWS\system32\NSI.dll
0x00007ff885390000 - 0x00007ff88539f000 	D:\Programas\jre\jre\bin\verify.dll
0x00007ff881880000 - 0x00007ff8818a9000 	D:\Programas\jre\jre\bin\java.dll
0x00007ff881860000 - 0x00007ff881876000 	D:\Programas\jre\jre\bin\zip.dll
0x00007ff88db00000 - 0x00007ff88f025000 	C:\WINDOWS\system32\SHELL32.dll
0x00007ff88c1f0000 - 0x00007ff88c818000 	C:\WINDOWS\system32\windows.storage.dll
0x00007ff88c900000 - 0x00007ff88cb7c000 	C:\WINDOWS\system32\combase.dll
0x00007ff88f0f0000 - 0x00007ff88f141000 	C:\WINDOWS\system32\shlwapi.dll
0x00007ff88bbc0000 - 0x00007ff88bbcf000 	C:\WINDOWS\system32\kernel.appcore.dll
0x00007ff88bd20000 - 0x00007ff88bdd3000 	C:\WINDOWS\system32\shcore.dll
0x00007ff88bbd0000 - 0x00007ff88bc1a000 	C:\WINDOWS\system32\powrprof.dll
0x00007ff88bba0000 - 0x00007ff88bbb3000 	C:\WINDOWS\system32\profapi.dll
0x00007ff881840000 - 0x00007ff88185a000 	D:\Programas\jre\jre\bin\net.dll
0x00007ff86ee40000 - 0x00007ff86efd7000 	C:\WINDOWS\SYSTEM32\urlmon.dll
0x00007ff872ef0000 - 0x00007ff873266000 	C:\WINDOWS\SYSTEM32\iertutil.dll
0x00007ff88b5c0000 - 0x00007ff88b5cb000 	C:\WINDOWS\SYSTEM32\CRYPTBASE.dll
0x00007ff88b9d0000 - 0x00007ff88ba3b000 	C:\WINDOWS\SYSTEM32\bcryptPrimitives.dll
0x00007ff88b3f0000 - 0x00007ff88b44d000 	C:\WINDOWS\system32\mswsock.dll
0x00007ff881240000 - 0x00007ff881253000 	D:\Programas\jre\jre\bin\nio.dll
0x00007ff8818c0000 - 0x00007ff8818e6000 	C:\Users\Nain\.gradle\native\30\windows-amd64\native-platform.dll
0x00007ff884840000 - 0x00007ff88484d000 	D:\Programas\jre\jre\bin\management.dll
0x00007ff88b450000 - 0x00007ff88b467000 	C:\WINDOWS\SYSTEM32\CRYPTSP.dll
0x00007ff88b6c0000 - 0x00007ff88b6e8000 	C:\WINDOWS\SYSTEM32\bcrypt.dll
0x00007ff88b0a0000 - 0x00007ff88b0d3000 	C:\WINDOWS\system32\rsaenh.dll
0x00007ff88b280000 - 0x00007ff88b29f000 	C:\WINDOWS\SYSTEM32\USERENV.dll
0x00007ff884540000 - 0x00007ff884578000 	C:\WINDOWS\SYSTEM32\IPHLPAPI.DLL
0x00007ff886980000 - 0x00007ff88698b000 	C:\WINDOWS\SYSTEM32\WINNSI.DLL
0x00007ff874e50000 - 0x00007ff874e66000 	C:\WINDOWS\SYSTEM32\dhcpcsvc6.DLL
0x00007ff880a00000 - 0x00007ff880a1a000 	C:\WINDOWS\SYSTEM32\dhcpcsvc.DLL

VM Arguments:
jvm_args: -Xmx1536m -Dfile.encoding=windows-1252 -Duser.country=ES -Duser.language=es -Duser.variant 
java_command: org.gradle.launcher.daemon.bootstrap.GradleDaemon 5.6.4
java_class_path (initial): C:\Users\Nain\.gradle\wrapper\dists\gradle-5.6.4-all\ankdp27end7byghfw1q2sw75f\gradle-5.6.4\lib\gradle-launcher-5.6.4.jar
Launcher Type: SUN_STANDARD

Environment Variables:
PATH=C:\Program Files (x86)\Common Files\Oracle\Java\javapath;C:\WINDOWS\system32;C:\WINDOWS;C:\WINDOWS\System32\Wbem;C:\WINDOWS\System32\WindowsPowerShell\v1.0\;C:\xampp\php;C:\ProgramData\ComposerSetup\bin;C:\Program Files\Git\cmd;C:\Program Files\nodejs\;C:\Program Files\PuTTY\;C:\Users\Nain\AppData\Local\Programs\Microsoft VS Code\bin;C:\Users\Nain\AppData\Roaming\Composer\vendor\bin;C:\Users\Nain\AppData\Roaming\npm;C:\Program Files\heroku\bin
USERNAME=Nain
OS=Windows_NT
PROCESSOR_IDENTIFIER=Intel64 Family 6 Model 142 Stepping 9, GenuineIntel



---------------  S Y S T E M  ---------------

OS: Windows 10.0 , 64 bit Build 10240 (10.0.10240.16384)

CPU:total 4 (initial active 4) (2 cores per cpu, 2 threads per core) family 6 model 142 stepping 9, cmov, cx8, fxsr, mmx, sse, sse2, sse3, ssse3, sse4.1, sse4.2, popcnt, avx, avx2, aes, clmul, erms, 3dnowpref, lzcnt, ht, tsc, tscinvbit, bmi1, bmi2, adx

Memory: 4k page, physical 8270092k(962764k free), swap 24654092k(0k free)

vm_info: OpenJDK 64-Bit Server VM (25.212-b04) for windows-amd64 JRE (1.8.0_212-release-1586-b04), built by "builder" with MS VC++ 10.0 (VS2010)

time: Wed Apr 15 14:26:39 2020
timezone: Hora est. Pacífico, Sudamérica
elapsed time: 39 seconds (0d 0h 0m 39s)

