#
# There is insufficient memory for the Java Runtime Environment to continue.
# Native memory allocation (malloc) failed to allocate 1160976 bytes for Chunk::new
# Possible reasons:
#   The system is out of physical RAM or swap space
#   The process is running with CompressedOops enabled, and the Java Heap may be blocking the growth of the native heap
# Possible solutions:
#   Reduce memory load on the system
#   Increase physical memory or swap space
#   Check if swap backing store is full
#   Decrease Java heap size (-Xmx/-Xms)
#   Decrease number of Java threads
#   Decrease Java thread stack sizes (-Xss)
#   Set larger code cache with -XX:ReservedCodeCacheSize=
#   JVM is running with Unscaled Compressed Oops mode in which the Java heap is
#     placed in the first 4GB address space. The Java Heap base address is the
#     maximum limit for the native heap growth. Please use -XX:HeapBaseMinAddress
#     to set the Java Heap base and to place the Java Heap above 4GB virtual address.
# This output file may be truncated or incomplete.
#
#  Out of Memory Error (allocation.cpp:389), pid=23368, tid=0x0000000000001698
#
# JRE version: OpenJDK Runtime Environment (8.0_212-b04) (build 1.8.0_212-release-1586-b04)
# Java VM: OpenJDK 64-Bit Server VM (25.212-b04 mixed mode windows-amd64 compressed oops)
# Failed to write core dump. Minidumps are not enabled by default on client versions of Windows
#

---------------  T H R E A D  ---------------

Current thread (0x000000001658c800):  JavaThread "C2 CompilerThread1" daemon [_thread_in_native, id=5784, stack(0x0000000017ce0000,0x0000000017de0000)]

Stack: [0x0000000017ce0000,0x0000000017de0000]
[error occurred during error reporting (printing stack bounds), id 0xc0000005]

Native frames: (J=compiled Java code, j=interpreted, Vv=VM code, C=native code)


Current CompileTask:
C2: 240100 16906       4       java.io.ObjectInputStream::readClassDesc (128 bytes)


---------------  P R O C E S S  ---------------

Java Threads: ( => current thread )
  0x00000000182b9000 JavaThread "Cache worker for Java compile cache (D:\CloneUber\.gradle\5.6.4\javaCompile)" [_thread_blocked, id=22360, stack(0x00000000299b0000,0x0000000029ab0000)]
  0x00000000182b1800 JavaThread "Cache worker for Java compile cache (C:\Users\Nain\.gradle\caches\5.6.4\javaCompile)" [_thread_blocked, id=21440, stack(0x00000000298b0000,0x00000000299b0000)]
  0x00000000182b2800 JavaThread "stdout" [_thread_in_native, id=7992, stack(0x0000000025670000,0x0000000025770000)]
  0x00000000182b1000 JavaThread "stderr" [_thread_in_native, id=22076, stack(0x0000000025570000,0x0000000025670000)]
  0x00000000182b7800 JavaThread "stdout" [_thread_in_native, id=22848, stack(0x0000000025470000,0x0000000025570000)]
  0x00000000182b0000 JavaThread "stderr" [_thread_in_native, id=23492, stack(0x0000000025370000,0x0000000025470000)]
  0x000000001cf95800 JavaThread "stdout" [_thread_in_native, id=12040, stack(0x0000000025270000,0x0000000025370000)]
  0x000000001cf94000 JavaThread "stderr" [_thread_in_native, id=19972, stack(0x0000000025170000,0x0000000025270000)]
  0x000000001cf96800 JavaThread "stdout" [_thread_in_native, id=23004, stack(0x0000000025070000,0x0000000025170000)]
  0x000000001cf93800 JavaThread "stderr" [_thread_in_native, id=22440, stack(0x0000000024f70000,0x0000000025070000)]
  0x000000001cf95000 JavaThread "pool-3-thread-1" [_thread_blocked, id=20356, stack(0x0000000024e70000,0x0000000024f70000)]
  0x000000001cf8c000 JavaThread "MarlinRenderer Disposer" daemon [_thread_blocked, id=7096, stack(0x0000000024b70000,0x0000000024c70000)]
  0x000000001cf8d800 JavaThread "Java2D Disposer" daemon [_thread_blocked, id=12800, stack(0x0000000024a70000,0x0000000024b70000)]
  0x000000001cf92800 JavaThread "WorkerExecutor Queue Thread 4" [_thread_blocked, id=20884, stack(0x0000000024570000,0x0000000024670000)]
  0x000000001cf91000 JavaThread "WorkerExecutor Queue Thread 3" [_thread_blocked, id=17920, stack(0x0000000024470000,0x0000000024570000)]
  0x000000001cf8f800 JavaThread "WorkerExecutor Queue Thread 2" [_thread_blocked, id=23376, stack(0x0000000024370000,0x0000000024470000)]
  0x000000001cf8f000 JavaThread "WorkerExecutor Queue" [_thread_in_vm, id=22172, stack(0x0000000024270000,0x0000000024370000)]
  0x000000001cf8b000 JavaThread "Cache worker for execution history cache (D:\CloneUber\.gradle\5.6.4\executionHistory)" [_thread_blocked, id=23100, stack(0x0000000024170000,0x0000000024270000)]
  0x000000001cf88000 JavaThread "Execution worker for ':' Thread 3" [_thread_blocked, id=18120, stack(0x0000000024070000,0x0000000024170000)]
  0x000000001cf8c800 JavaThread "Execution worker for ':' Thread 2" [_thread_blocked, id=5604, stack(0x0000000023f70000,0x0000000024070000)]
  0x000000001cf8a800 JavaThread "Execution worker for ':'" [_thread_blocked, id=21840, stack(0x0000000023c70000,0x0000000023d70000)]
  0x000000001928c000 JavaThread "Cache worker for file content cache (D:\CloneUber\.gradle\5.6.4\fileContent)" [_thread_blocked, id=8224, stack(0x0000000023720000,0x0000000023820000)]
  0x0000000019290800 JavaThread "Cache worker for Build Output Cleanup Cache (D:\CloneUber\.gradle\buildOutputCleanup)" [_thread_blocked, id=22908, stack(0x0000000023620000,0x0000000023720000)]
  0x0000000018e05000 JavaThread "pool-2-thread-1" [_thread_blocked, id=20460, stack(0x0000000023520000,0x0000000023620000)]
  0x0000000018e03800 JavaThread "Build operations Thread 4" [_thread_blocked, id=22904, stack(0x0000000023220000,0x0000000023320000)]
  0x0000000018e02800 JavaThread "Build operations Thread 3" [_thread_blocked, id=18036, stack(0x0000000021070000,0x0000000021170000)]
  0x0000000018e04000 JavaThread "Build operations Thread 2" [_thread_blocked, id=22812, stack(0x0000000020d30000,0x0000000020e30000)]
  0x0000000018e01000 JavaThread "Build operations" [_thread_blocked, id=23372, stack(0x0000000020a30000,0x0000000020b30000)]
  0x0000000018df9000 JavaThread "Cache worker for cache directory md-rule (C:\Users\Nain\.gradle\caches\5.6.4\md-rule)" [_thread_blocked, id=22096, stack(0x0000000020930000,0x0000000020a30000)]
  0x0000000018dff800 JavaThread "Cache worker for cache directory md-supplier (C:\Users\Nain\.gradle\caches\5.6.4\md-supplier)" [_thread_blocked, id=5936, stack(0x0000000020830000,0x0000000020930000)]
  0x0000000018dff000 JavaThread "Cache worker for file hash cache (D:\CloneUber\.gradle\5.6.4\fileHashes)" [_thread_blocked, id=23508, stack(0x0000000020730000,0x0000000020830000)]
  0x0000000018dfe000 JavaThread "Thread-34" [_thread_blocked, id=5900, stack(0x0000000020530000,0x0000000020630000)]
  0x0000000018df9800 JavaThread "Stdin handler" [_thread_blocked, id=19608, stack(0x0000000020430000,0x0000000020530000)]
  0x0000000018dfd800 JavaThread "Asynchronous log dispatcher for DefaultDaemonConnection: socket connection from /127.0.0.1:60884 to /127.0.0.1:60901" [_thread_blocked, id=8384, stack(0x000000001e860000,0x000000001e960000)]
  0x0000000018df6000 JavaThread "Daemon worker Thread 2" [_thread_blocked, id=18028, stack(0x000000001bdc0000,0x000000001bec0000)]
  0x0000000018df8000 JavaThread "Cancel handler" [_thread_blocked, id=7100, stack(0x000000001bac0000,0x000000001bbc0000)]
  0x0000000018dfb000 JavaThread "Handler for socket connection from /127.0.0.1:60884 to /127.0.0.1:60901" [_thread_in_native, id=23332, stack(0x000000001b5c0000,0x000000001b6c0000)]
  0x0000000018dfc800 JavaThread "Daemon Thread 2" [_thread_blocked, id=1164, stack(0x0000000000dc0000,0x0000000000ec0000)]
  0x0000000018e02000 JavaThread "Cache worker for file content cache (C:\Users\Nain\.gradle\caches\5.6.4\fileContent)" [_thread_blocked, id=16408, stack(0x0000000023120000,0x0000000023220000)]
  0x0000000018df6800 JavaThread "Memory manager" [_thread_blocked, id=984, stack(0x0000000023020000,0x0000000023120000)]
  0x0000000018df7800 JavaThread "Cache worker for execution history cache (C:\Users\Nain\.gradle\caches\5.6.4\executionHistory)" [_thread_blocked, id=23172, stack(0x0000000020630000,0x0000000020730000)]
  0x0000000019293000 JavaThread "Cache worker for journal cache (C:\Users\Nain\.gradle\caches\journal-1)" [_thread_blocked, id=17388, stack(0x000000001c2c0000,0x000000001c3c0000)]
  0x0000000019292000 JavaThread "File lock request listener" [_thread_in_native, id=23192, stack(0x000000001c1c0000,0x000000001c2c0000)]
  0x0000000019291000 JavaThread "Cache worker for file hash cache (C:\Users\Nain\.gradle\caches\5.6.4\fileHashes)" [_thread_blocked, id=5228, stack(0x000000001c0c0000,0x000000001c1c0000)]
  0x0000000018cc4000 JavaThread "Daemon periodic checks" [_thread_blocked, id=23392, stack(0x000000001b4c0000,0x000000001b5c0000)]
  0x0000000018cc1800 JavaThread "Incoming local TCP Connector on port 60884" [_thread_in_native, id=1152, stack(0x000000001b2c0000,0x000000001b3c0000)]
  0x00000000184ef800 JavaThread "Daemon health stats" [_thread_blocked, id=13368, stack(0x000000001ac80000,0x000000001ad80000)]
  0x0000000017f10800 JavaThread "Service Thread" daemon [_thread_blocked, id=22428, stack(0x00000000182e0000,0x00000000183e0000)]
  0x000000001658f800 JavaThread "C1 CompilerThread2" daemon [_thread_blocked, id=22384, stack(0x0000000017de0000,0x0000000017ee0000)]
=>0x000000001658c800 JavaThread "C2 CompilerThread1" daemon [_thread_in_native, id=5784, stack(0x0000000017ce0000,0x0000000017de0000)]
  0x0000000016589800 JavaThread "C2 CompilerThread0" daemon [_thread_blocked, id=23384, stack(0x0000000017be0000,0x0000000017ce0000)]
  0x0000000016588000 JavaThread "Attach Listener" daemon [_thread_blocked, id=21744, stack(0x0000000017ae0000,0x0000000017be0000)]
  0x0000000016594800 JavaThread "Signal Dispatcher" daemon [_thread_blocked, id=19128, stack(0x00000000179e0000,0x0000000017ae0000)]
  0x0000000002bf9800 JavaThread "Finalizer" daemon [_thread_blocked, id=16956, stack(0x00000000177e0000,0x00000000178e0000)]
  0x0000000002bf1000 JavaThread "Reference Handler" daemon [_thread_blocked, id=23536, stack(0x00000000176e0000,0x00000000177e0000)]
  0x0000000002aad800 JavaThread "main" [_thread_blocked, id=20644, stack(0x00000000029a0000,0x0000000002aa0000)]

Other Threads:
  0x0000000016555800 VMThread [stack: 0x00000000175e0000,0x00000000176e0000] [id=16780]
  0x00000000165ee000 WatcherThread [stack: 0x00000000183e0000,0x00000000184e0000] [id=23008]

VM state:not at safepoint (normal execution)

VM Mutex/Monitor currently owned by a thread: None

heap address: 0x00000000a0000000, size: 1536 MB, Compressed Oops mode: 32-bit
Narrow klass base: 0x0000000000000000, Narrow klass shift: 3
Compressed class space size: 1073741824 Address: 0x0000000100000000

Heap:
 PSYoungGen      total 287232K, used 98846K [0x00000000e0000000, 0x00000000fb800000, 0x0000000100000000)
  eden space 220672K, 44% used [0x00000000e0000000,0x00000000e6087a18,0x00000000ed780000)
  from space 66560K, 0% used [0x00000000f3400000,0x00000000f3400000,0x00000000f7500000)
  to   space 94720K, 0% used [0x00000000ed780000,0x00000000ed780000,0x00000000f3400000)
 ParOldGen       total 166912K, used 155838K [0x00000000a0000000, 0x00000000aa300000, 0x00000000e0000000)
  object space 166912K, 93% used [0x00000000a0000000,0x00000000a982faf0,0x00000000aa300000)
 Metaspace       used 87712K, capacity 90994K, committed 92416K, reserved 1130496K
  class space    used 11266K, capacity 11937K, committed 12288K, reserved 1048576K

Card table byte_map: [0x0000000011fc0000,0x00000000122d0000] byte_map_base: 0x0000000011ac0000

Marking Bits: (ParMarkBitMap*) 0x00000000550b9f30
 Begin Bits: [0x00000000128d0000, 0x00000000140d0000)
 End Bits:   [0x00000000140d0000, 0x00000000158d0000)

Polling page: 0x0000000002ab0000

CodeCache: size=245760Kb used=47805Kb max_used=47810Kb free=197954Kb
 bounds [0x0000000002c00000, 0x0000000005af0000, 0x0000000011c00000]
 total_blobs=15172 nmethods=14199 adapters=884
 compilation: enabled

Compilation events (10 events):
Event: 239.847 Thread 0x000000001658f800 16914       3       java.nio.charset.Charset::forName (20 bytes)
Event: 239.847 Thread 0x000000001658f800 nmethod 16914 0x0000000005ac7590 code [0x0000000005ac7700, 0x0000000005ac7978]
Event: 239.847 Thread 0x000000001658f800 16912       1       com.android.builder.files.DirectoryEntry::getName (5 bytes)
Event: 239.847 Thread 0x000000001658f800 nmethod 16912 0x0000000005ac72d0 code [0x0000000005ac7420, 0x0000000005ac7530]
Event: 239.847 Thread 0x000000001658f800 16915       3       java.lang.String::<init> (10 bytes)
Event: 239.847 Thread 0x000000001658f800 nmethod 16915 0x0000000005ac6ed0 code [0x0000000005ac7040, 0x0000000005ac71e8]
Event: 239.847 Thread 0x000000001658f800 16916       3       java.lang.String::<init> (38 bytes)
Event: 239.848 Thread 0x000000001658f800 nmethod 16916 0x0000000005ac6890 code [0x0000000005ac6a20, 0x0000000005ac6d68]
Event: 239.848 Thread 0x000000001658f800 16917   !   3       java.lang.StringCoding::decode (216 bytes)
Event: 239.849 Thread 0x000000001658f800 nmethod 16917 0x0000000005ae6dd0 code [0x0000000005ae7160, 0x0000000005ae94b8]

GC Heap History (10 events):
Event: 221.081 GC heap before
{Heap before GC invocations=18 (full 3):
 PSYoungGen      total 212992K, used 212987K [0x00000000e0000000, 0x00000000ef700000, 0x0000000100000000)
  eden space 188416K, 100% used [0x00000000e0000000,0x00000000eb800000,0x00000000eb800000)
  from space 24576K, 99% used [0x00000000ed600000,0x00000000eedfef80,0x00000000eee00000)
  to   space 30720K, 0% used [0x00000000eb800000,0x00000000eb800000,0x00000000ed600000)
 ParOldGen       total 166912K, used 41987K [0x00000000a0000000, 0x00000000aa300000, 0x00000000e0000000)
  object space 166912K, 25% used [0x00000000a0000000,0x00000000a2900d38,0x00000000aa300000)
 Metaspace       used 71367K, capacity 74020K, committed 74240K, reserved 1114112K
  class space    used 9292K, capacity 9858K, committed 9984K, reserved 1048576K
Event: 221.119 GC heap after
Heap after GC invocations=18 (full 3):
 PSYoungGen      total 219136K, used 30709K [0x00000000e0000000, 0x00000000f2800000, 0x0000000100000000)
  eden space 188416K, 0% used [0x00000000e0000000,0x00000000e0000000,0x00000000eb800000)
  from space 30720K, 99% used [0x00000000eb800000,0x00000000ed5fd478,0x00000000ed600000)
  to   space 37376K, 0% used [0x00000000f0380000,0x00000000f0380000,0x00000000f2800000)
 ParOldGen       total 166912K, used 48492K [0x00000000a0000000, 0x00000000aa300000, 0x00000000e0000000)
  object space 166912K, 29% used [0x00000000a0000000,0x00000000a2f5b2e0,0x00000000aa300000)
 Metaspace       used 71367K, capacity 74020K, committed 74240K, reserved 1114112K
  class space    used 9292K, capacity 9858K, committed 9984K, reserved 1048576K
}
Event: 230.611 GC heap before
{Heap before GC invocations=19 (full 3):
 PSYoungGen      total 219136K, used 219125K [0x00000000e0000000, 0x00000000f2800000, 0x0000000100000000)
  eden space 188416K, 100% used [0x00000000e0000000,0x00000000eb800000,0x00000000eb800000)
  from space 30720K, 99% used [0x00000000eb800000,0x00000000ed5fd478,0x00000000ed600000)
  to   space 37376K, 0% used [0x00000000f0380000,0x00000000f0380000,0x00000000f2800000)
 ParOldGen       total 166912K, used 48492K [0x00000000a0000000, 0x00000000aa300000, 0x00000000e0000000)
  object space 166912K, 29% used [0x00000000a0000000,0x00000000a2f5b2e0,0x00000000aa300000)
 Metaspace       used 78628K, capacity 81442K, committed 81664K, reserved 1120256K
  class space    used 10081K, capacity 10667K, committed 10752K, reserved 1048576K
Event: 230.657 GC heap after
Heap after GC invocations=19 (full 3):
 PSYoungGen      total 256000K, used 37373K [0x00000000e0000000, 0x00000000f3700000, 0x0000000100000000)
  eden space 218624K, 0% used [0x00000000e0000000,0x00000000e0000000,0x00000000ed580000)
  from space 37376K, 99% used [0x00000000f0380000,0x00000000f27ff5c8,0x00000000f2800000)
  to   space 47104K, 0% used [0x00000000ed580000,0x00000000ed580000,0x00000000f0380000)
 ParOldGen       total 166912K, used 59438K [0x00000000a0000000, 0x00000000aa300000, 0x00000000e0000000)
  object space 166912K, 35% used [0x00000000a0000000,0x00000000a3a0b880,0x00000000aa300000)
 Metaspace       used 78628K, capacity 81442K, committed 81664K, reserved 1120256K
  class space    used 10081K, capacity 10667K, committed 10752K, reserved 1048576K
}
Event: 234.255 GC heap before
{Heap before GC invocations=20 (full 3):
 PSYoungGen      total 256000K, used 255997K [0x00000000e0000000, 0x00000000f3700000, 0x0000000100000000)
  eden space 218624K, 100% used [0x00000000e0000000,0x00000000ed580000,0x00000000ed580000)
  from space 37376K, 99% used [0x00000000f0380000,0x00000000f27ff5c8,0x00000000f2800000)
  to   space 47104K, 0% used [0x00000000ed580000,0x00000000ed580000,0x00000000f0380000)
 ParOldGen       total 166912K, used 59438K [0x00000000a0000000, 0x00000000aa300000, 0x00000000e0000000)
  object space 166912K, 35% used [0x00000000a0000000,0x00000000a3a0b880,0x00000000aa300000)
 Metaspace       used 86892K, capacity 90784K, committed 90880K, reserved 1128448K
  class space    used 11234K, capacity 11986K, committed 12032K, reserved 1048576K
Event: 234.319 GC heap after
Heap after GC invocations=20 (full 3):
 PSYoungGen      total 265728K, used 47081K [0x00000000e0000000, 0x00000000f7500000, 0x0000000100000000)
  eden space 218624K, 0% used [0x00000000e0000000,0x00000000e0000000,0x00000000ed580000)
  from space 47104K, 99% used [0x00000000ed580000,0x00000000f037a768,0x00000000f0380000)
  to   space 66560K, 0% used [0x00000000f3400000,0x00000000f3400000,0x00000000f7500000)
 ParOldGen       total 166912K, used 91075K [0x00000000a0000000, 0x00000000aa300000, 0x00000000e0000000)
  object space 166912K, 54% used [0x00000000a0000000,0x00000000a58f0fb8,0x00000000aa300000)
 Metaspace       used 86892K, capacity 90784K, committed 90880K, reserved 1128448K
  class space    used 11234K, capacity 11986K, committed 12032K, reserved 1048576K
}
Event: 236.644 GC heap before
{Heap before GC invocations=21 (full 3):
 PSYoungGen      total 265728K, used 265705K [0x00000000e0000000, 0x00000000f7500000, 0x0000000100000000)
  eden space 218624K, 100% used [0x00000000e0000000,0x00000000ed580000,0x00000000ed580000)
  from space 47104K, 99% used [0x00000000ed580000,0x00000000f037a768,0x00000000f0380000)
  to   space 66560K, 0% used [0x00000000f3400000,0x00000000f3400000,0x00000000f7500000)
 ParOldGen       total 166912K, used 91075K [0x00000000a0000000, 0x00000000aa300000, 0x00000000e0000000)
  object space 166912K, 54% used [0x00000000a0000000,0x00000000a58f0fb8,0x00000000aa300000)
 Metaspace       used 87841K, capacity 91846K, committed 92032K, reserved 1128448K
  class space    used 11381K, capacity 12141K, committed 12160K, reserved 1048576K
Event: 236.773 GC heap after
Heap after GC invocations=21 (full 3):
 PSYoungGen      total 287232K, used 66543K [0x00000000e0000000, 0x00000000fb800000, 0x0000000100000000)
  eden space 220672K, 0% used [0x00000000e0000000,0x00000000e0000000,0x00000000ed780000)
  from space 66560K, 99% used [0x00000000f3400000,0x00000000f74fbec0,0x00000000f7500000)
  to   space 94720K, 0% used [0x00000000ed780000,0x00000000ed780000,0x00000000f3400000)
 ParOldGen       total 166912K, used 137829K [0x00000000a0000000, 0x00000000aa300000, 0x00000000e0000000)
  object space 166912K, 82% used [0x00000000a0000000,0x00000000a8699420,0x00000000aa300000)
 Metaspace       used 87841K, capacity 91846K, committed 92032K, reserved 1128448K
  class space    used 11381K, capacity 12141K, committed 12160K, reserved 1048576K
}
Event: 236.773 GC heap before
{Heap before GC invocations=22 (full 4):
 PSYoungGen      total 287232K, used 66543K [0x00000000e0000000, 0x00000000fb800000, 0x0000000100000000)
  eden space 220672K, 0% used [0x00000000e0000000,0x00000000e0000000,0x00000000ed780000)
  from space 66560K, 99% used [0x00000000f3400000,0x00000000f74fbec0,0x00000000f7500000)
  to   space 94720K, 0% used [0x00000000ed780000,0x00000000ed780000,0x00000000f3400000)
 ParOldGen       total 166912K, used 137829K [0x00000000a0000000, 0x00000000aa300000, 0x00000000e0000000)
  object space 166912K, 82% used [0x00000000a0000000,0x00000000a8699420,0x00000000aa300000)
 Metaspace       used 87841K, capacity 91846K, committed 92032K, reserved 1128448K
  class space    used 11381K, capacity 12141K, committed 12160K, reserved 1048576K
Event: 237.541 GC heap after
Heap after GC invocations=22 (full 4):
 PSYoungGen      total 287232K, used 0K [0x00000000e0000000, 0x00000000fb800000, 0x0000000100000000)
  eden space 220672K, 0% used [0x00000000e0000000,0x00000000e0000000,0x00000000ed780000)
  from space 66560K, 0% used [0x00000000f3400000,0x00000000f3400000,0x00000000f7500000)
  to   space 94720K, 0% used [0x00000000ed780000,0x00000000ed780000,0x00000000f3400000)
 ParOldGen       total 166912K, used 155838K [0x00000000a0000000, 0x00000000aa300000, 0x00000000e0000000)
  object space 166912K, 93% used [0x00000000a0000000,0x00000000a982faf0,0x00000000aa300000)
 Metaspace       used 87408K, capacity 90664K, committed 92032K, reserved 1128448K
  class space    used 11235K, capacity 11884K, committed 12160K, reserved 1048576K
}

Deoptimization events (10 events):
Event: 239.660 Thread 0x000000001cf88000 Uncommon trap: reason=bimorphic action=maybe_recompile pc=0x0000000004c8e090 method=com.sun.org.apache.xerces.internal.parsers.AbstractSAXParser.characters(Lcom/sun/org/apache/xerces/internal/xni/XMLString;Lcom/sun/org/apache/xerces/internal/xni/Augmentat
Event: 239.660 Thread 0x000000001cf88000 Uncommon trap: reason=bimorphic action=maybe_recompile pc=0x0000000004c8e090 method=com.sun.org.apache.xerces.internal.parsers.AbstractSAXParser.characters(Lcom/sun/org/apache/xerces/internal/xni/XMLString;Lcom/sun/org/apache/xerces/internal/xni/Augmentat
Event: 239.660 Thread 0x000000001cf88000 Uncommon trap: reason=bimorphic action=maybe_recompile pc=0x0000000004c8e090 method=com.sun.org.apache.xerces.internal.parsers.AbstractSAXParser.characters(Lcom/sun/org/apache/xerces/internal/xni/XMLString;Lcom/sun/org/apache/xerces/internal/xni/Augmentat
Event: 239.660 Thread 0x000000001cf88000 Uncommon trap: reason=bimorphic action=maybe_recompile pc=0x0000000004c8e090 method=com.sun.org.apache.xerces.internal.parsers.AbstractSAXParser.characters(Lcom/sun/org/apache/xerces/internal/xni/XMLString;Lcom/sun/org/apache/xerces/internal/xni/Augmentat
Event: 239.661 Thread 0x000000001cf88000 Uncommon trap: reason=predicate action=maybe_recompile pc=0x0000000004c99748 method=com.sun.org.apache.xerces.internal.parsers.AbstractSAXParser.endNamespaceMapping()V @ 21
Event: 239.676 Thread 0x000000001cf88000 Uncommon trap: reason=class_check action=maybe_recompile pc=0x00000000046545f0 method=org.gradle.internal.execution.history.changes.SortedMapDiffUtil.diff(Ljava/util/SortedMap;Ljava/util/SortedMap;Lorg/gradle/internal/execution/history/changes/PropertyDif
Event: 239.677 Thread 0x000000001cf88000 Uncommon trap: reason=class_check action=maybe_recompile pc=0x0000000004267bc4 method=java.util.stream.Sink$ChainedReference.<init>(Ljava/util/stream/Sink;)V @ 9
Event: 239.677 Thread 0x000000001cf88000 Uncommon trap: reason=class_check action=maybe_recompile pc=0x0000000004267bc4 method=java.util.stream.Sink$ChainedReference.<init>(Ljava/util/stream/Sink;)V @ 9
Event: 239.679 Thread 0x000000001cf88000 Uncommon trap: reason=class_check action=maybe_recompile pc=0x0000000004267bc4 method=java.util.stream.Sink$ChainedReference.<init>(Ljava/util/stream/Sink;)V @ 9
Event: 239.704 Thread 0x000000001cf88000 Uncommon trap: reason=array_check action=maybe_recompile pc=0x00000000058e0c50 method=java.util.TimSort.reverseRange([Ljava/lang/Object;II)V @ 27

Classes redefined (0 events):
No events

Internal exceptions (10 events):
Event: 234.399 Thread 0x00000000182ba800 Implicit null exception at 0x0000000003585e2f to 0x0000000003585f21
Event: 234.399 Thread 0x00000000182b8800 Implicit null exception at 0x0000000003585e2f to 0x0000000003585f21
Event: 234.399 Thread 0x00000000182b3000 Implicit null exception at 0x0000000003585e2f to 0x0000000003585f21
Event: 234.399 Thread 0x00000000182b4000 Implicit null exception at 0x0000000003585e2f to 0x0000000003585f21
Event: 236.248 Thread 0x00000000182b4000 Implicit null exception at 0x00000000058eacd3 to 0x00000000058eafaa
Event: 238.573 Thread 0x00000000182b4000 Exception <a 'sun/nio/fs/WindowsException'> (0x00000000e58ce790) thrown at [D:\src\AOSP-openjdk-cygwin\jdk8u\hotspot\src\share\vm\prims\jni.cpp, line 710]
Event: 239.702 Thread 0x000000001cf88000 Exception <a 'java/lang/NoSuchMethodError': <clinit>> (0x00000000e5bee370) thrown at [D:\src\AOSP-openjdk-cygwin\jdk8u\hotspot\src\share\vm\prims\jni.cpp, line 1614]
Event: 239.702 Thread 0x000000001cf88000 Exception <a 'java/lang/NoSuchMethodError': <clinit>> (0x00000000e5bf2bd0) thrown at [D:\src\AOSP-openjdk-cygwin\jdk8u\hotspot\src\share\vm\prims\jni.cpp, line 1614]
Event: 239.704 Thread 0x000000001cf88000 Exception <a 'java/lang/NoSuchMethodError': <clinit>> (0x00000000e5c0cd50) thrown at [D:\src\AOSP-openjdk-cygwin\jdk8u\hotspot\src\share\vm\prims\jni.cpp, line 1614]
Event: 239.706 Thread 0x000000001cf88000 Exception <a 'java/lang/NoSuchMethodError': <clinit>> (0x00000000e5c1e868) thrown at [D:\src\AOSP-openjdk-cygwin\jdk8u\hotspot\src\share\vm\prims\jni.cpp, line 1614]

Events (10 events):
Event: 239.726 loading class com/android/builder/files/ZipCentralDirectory$directoryBuffer$2
Event: 239.726 loading class com/android/builder/files/ZipCentralDirectory$directoryBuffer$2 done
Event: 239.726 loading class com/android/builder/files/IncrementalRelativeFileSets
Event: 239.726 loading class com/android/builder/files/IncrementalRelativeFileSets done
Event: 239.811 loading class com/android/builder/files/ZipCentralDirectory$CdrInfo
Event: 239.811 loading class com/android/builder/files/ZipCentralDirectory$CdrInfo done
Event: 239.811 loading class com/android/builder/files/ZipCentralDirectoryKt
Event: 239.811 loading class com/android/builder/files/ZipCentralDirectoryKt done
Event: 239.845 loading class com/android/builder/files/DirectoryEntry
Event: 239.845 loading class com/android/builder/files/DirectoryEntry done


Dynamic libraries:
0x00007ff7ef0b0000 - 0x00007ff7ef0e1000 	D:\Programas\jre\bin\java.exe
0x00007ffb3d850000 - 0x00007ffb3da12000 	C:\WINDOWS\SYSTEM32\ntdll.dll
0x00007ffb3d600000 - 0x00007ffb3d6ad000 	C:\WINDOWS\system32\KERNEL32.DLL
0x00007ffb3ac80000 - 0x00007ffb3ae5d000 	C:\WINDOWS\system32\KERNELBASE.dll
0x00007ffb3b0f0000 - 0x00007ffb3b196000 	C:\WINDOWS\system32\ADVAPI32.dll
0x00007ffb3d540000 - 0x00007ffb3d5dd000 	C:\WINDOWS\system32\msvcrt.dll
0x00007ffb3cf70000 - 0x00007ffb3cfcb000 	C:\WINDOWS\system32\sechost.dll
0x00007ffb3b1a0000 - 0x00007ffb3b2c6000 	C:\WINDOWS\system32\RPCRT4.dll
0x00007ffb3b480000 - 0x00007ffb3b5ce000 	C:\WINDOWS\system32\USER32.dll
0x00007ffb3b850000 - 0x00007ffb3b9d5000 	C:\WINDOWS\system32\GDI32.dll
0x00007ffb334b0000 - 0x00007ffb33724000 	C:\WINDOWS\WinSxS\amd64_microsoft.windows.common-controls_6595b64144ccf1df_6.0.10240.16384_none_f41f7b285750ef43\COMCTL32.dll
0x00007ffb3d6b0000 - 0x00007ffb3d6e6000 	C:\WINDOWS\system32\IMM32.DLL
0x00007ffb3b5d0000 - 0x00007ffb3b72c000 	C:\WINDOWS\system32\MSCTF.dll
0x0000000054320000 - 0x00000000543f2000 	D:\Programas\jre\jre\bin\msvcr100.dll
0x00000000548f0000 - 0x0000000055136000 	D:\Programas\jre\jre\bin\server\jvm.dll
0x00007ffb3d700000 - 0x00007ffb3d708000 	C:\WINDOWS\system32\PSAPI.DLL
0x00007ffb36bf0000 - 0x00007ffb36bfa000 	C:\WINDOWS\SYSTEM32\VERSION.dll
0x00007ffb2eee0000 - 0x00007ffb2eee9000 	C:\WINDOWS\SYSTEM32\WSOCK32.dll
0x00007ffb36c30000 - 0x00007ffb36c53000 	C:\WINDOWS\SYSTEM32\WINMM.dll
0x00007ffb36700000 - 0x00007ffb3672c000 	C:\WINDOWS\SYSTEM32\WINMMBASE.dll
0x00007ffb3a320000 - 0x00007ffb3a364000 	C:\WINDOWS\system32\cfgmgr32.dll
0x00007ffb38bf0000 - 0x00007ffb38c17000 	C:\WINDOWS\SYSTEM32\DEVOBJ.dll
0x00007ffb3d460000 - 0x00007ffb3d4c9000 	C:\WINDOWS\system32\WS2_32.dll
0x00007ffb3d4d0000 - 0x00007ffb3d4d8000 	C:\WINDOWS\system32\NSI.dll
0x00007ffb349c0000 - 0x00007ffb349cf000 	D:\Programas\jre\jre\bin\verify.dll
0x00007ffb1ed70000 - 0x00007ffb1ed99000 	D:\Programas\jre\jre\bin\java.dll
0x00007ffb1ecf0000 - 0x00007ffb1ed06000 	D:\Programas\jre\jre\bin\zip.dll
0x00007ffb3b9e0000 - 0x00007ffb3cf05000 	C:\WINDOWS\system32\SHELL32.dll
0x00007ffb3a420000 - 0x00007ffb3aa48000 	C:\WINDOWS\system32\windows.storage.dll
0x00007ffb3d1e0000 - 0x00007ffb3d45c000 	C:\WINDOWS\system32\combase.dll
0x00007ffb3d710000 - 0x00007ffb3d761000 	C:\WINDOWS\system32\shlwapi.dll
0x00007ffb3a2a0000 - 0x00007ffb3a2af000 	C:\WINDOWS\system32\kernel.appcore.dll
0x00007ffb3ae60000 - 0x00007ffb3af13000 	C:\WINDOWS\system32\shcore.dll
0x00007ffb3a2d0000 - 0x00007ffb3a31a000 	C:\WINDOWS\system32\powrprof.dll
0x00007ffb3a280000 - 0x00007ffb3a293000 	C:\WINDOWS\system32\profapi.dll
0x00007ffb1eb80000 - 0x00007ffb1eb9a000 	D:\Programas\jre\jre\bin\net.dll
0x00007ffb2cbf0000 - 0x00007ffb2cd87000 	C:\WINDOWS\SYSTEM32\urlmon.dll
0x00007ffb322b0000 - 0x00007ffb32626000 	C:\WINDOWS\SYSTEM32\iertutil.dll
0x00007ffb39ca0000 - 0x00007ffb39cab000 	C:\WINDOWS\SYSTEM32\CRYPTBASE.dll
0x00007ffb3a0d0000 - 0x00007ffb3a13b000 	C:\WINDOWS\SYSTEM32\bcryptPrimitives.dll
0x00007ffb39af0000 - 0x00007ffb39b4d000 	C:\WINDOWS\system32\mswsock.dll
0x00007ffb1ea80000 - 0x00007ffb1ea93000 	D:\Programas\jre\jre\bin\nio.dll
0x00007ffb1d9f0000 - 0x00007ffb1da16000 	C:\Users\Nain\.gradle\native\30\windows-amd64\native-platform.dll
0x00007ffb33f90000 - 0x00007ffb33f9d000 	D:\Programas\jre\jre\bin\management.dll
0x00007ffb39b50000 - 0x00007ffb39b67000 	C:\WINDOWS\SYSTEM32\CRYPTSP.dll
0x00007ffb39dc0000 - 0x00007ffb39de8000 	C:\WINDOWS\SYSTEM32\bcrypt.dll
0x00007ffb397a0000 - 0x00007ffb397d3000 	C:\WINDOWS\system32\rsaenh.dll
0x00007ffb398d0000 - 0x00007ffb398ef000 	C:\WINDOWS\SYSTEM32\USERENV.dll
0x00007ffb32030000 - 0x00007ffb32068000 	C:\WINDOWS\SYSTEM32\IPHLPAPI.DLL
0x00007ffb32070000 - 0x00007ffb3207b000 	C:\WINDOWS\SYSTEM32\WINNSI.DLL
0x00007ffb302c0000 - 0x00007ffb302d6000 	C:\WINDOWS\SYSTEM32\dhcpcsvc6.DLL
0x00007ffb30200000 - 0x00007ffb3021a000 	C:\WINDOWS\SYSTEM32\dhcpcsvc.DLL
0x00007ffb0c740000 - 0x00007ffb0c8dc000 	D:\Programas\jre\jre\bin\awt.dll
0x00007ffb3cfd0000 - 0x00007ffb3d08e000 	C:\WINDOWS\system32\OLEAUT32.dll
0x00007ffb37fb0000 - 0x00007ffb37fd2000 	C:\WINDOWS\SYSTEM32\dwmapi.dll
0x00007ffb309d0000 - 0x00007ffb30f15000 	C:\WINDOWS\SYSTEM32\d2d1.dll
0x00007ffb389a0000 - 0x00007ffb38a18000 	C:\WINDOWS\system32\apphelp.dll
0x00007ffb38b50000 - 0x00007ffb38be6000 	C:\WINDOWS\system32\uxtheme.dll

VM Arguments:
jvm_args: -Xmx1536m -Dfile.encoding=windows-1252 -Duser.country=ES -Duser.language=es -Duser.variant 
java_command: org.gradle.launcher.daemon.bootstrap.GradleDaemon 5.6.4
java_class_path (initial): C:\Users\Nain\.gradle\wrapper\dists\gradle-5.6.4-all\ankdp27end7byghfw1q2sw75f\gradle-5.6.4\lib\gradle-launcher-5.6.4.jar
Launcher Type: SUN_STANDARD

Environment Variables:
PATH=C:\Program Files (x86)\Common Files\Oracle\Java\javapath;C:\WINDOWS\system32;C:\WINDOWS;C:\WINDOWS\System32\Wbem;C:\WINDOWS\System32\WindowsPowerShell\v1.0\;C:\xampp\php;C:\ProgramData\ComposerSetup\bin;C:\Program Files\Git\cmd;C:\Program Files\nodejs\;C:\Program Files\PuTTY\;C:\Users\Nain\AppData\Local\Programs\Microsoft VS Code\bin;C:\Users\Nain\AppData\Roaming\Composer\vendor\bin;C:\Users\Nain\AppData\Roaming\npm;C:\Program Files\heroku\bin
USERNAME=Nain
OS=Windows_NT
PROCESSOR_IDENTIFIER=Intel64 Family 6 Model 142 Stepping 9, GenuineIntel



---------------  S Y S T E M  ---------------

OS: Windows 10.0 , 64 bit Build 10240 (10.0.10240.16384)

CPU:total 4 (initial active 4) (2 cores per cpu, 2 threads per core) family 6 model 142 stepping 9, cmov, cx8, fxsr, mmx, sse, sse2, sse3, ssse3, sse4.1, sse4.2, popcnt, avx, avx2, aes, clmul, erms, 3dnowpref, lzcnt, ht, tsc, tscinvbit, bmi1, bmi2, adx

Memory: 4k page, physical 8270092k(168112k free), swap 24654092k(5148k free)

vm_info: OpenJDK 64-Bit Server VM (25.212-b04) for windows-amd64 JRE (1.8.0_212-release-1586-b04), built by "builder" with MS VC++ 10.0 (VS2010)

time: Mon Apr 06 15:32:14 2020
timezone: Hora est. Pacífico, Sudamérica
elapsed time: 240 seconds (0d 0h 4m 0s)

